<?xml version="1.0" encoding="UTF-8"?>
<!-- Generated by org.testng.reporters.JUnitXMLReporter -->
<testsuite hostname="DESKTOP-6NF4S3B" ignored="0" name="Default test(failed)" tests="4" failures="1" timestamp="15 Jun 2022 04:26:26 GMT" time="0.072" errors="0">
  <testcase name="registerTest" time="0.016" classname="a02_keywordTest.DependsonMethod"/>
  <testcase name="loginTest" time="0.0" classname="a02_keywordTest.DependsonMethod"/>
  <testcase name="addToCartTest" time="0.0" classname="a02_keywordTest.DependsonMethod">
    <failure type="java.lang.ArithmeticException" message="/ by zero">
      <![CDATA[java.lang.ArithmeticException: / by zero
	at a02_keywordTest.DependsonMethod.addToCartTest(DependsonMethod.java:18)
... Removed 25 stack frames]]>
    </failure>
  </testcase> <!-- addToCartTest -->
  <testcase name="placeorder" time="0.0" classname="a02_keywordTest.DependsonMethod">
    <skipped/>
  </testcase> <!-- placeorder -->
</testsuite> <!-- Default test(failed) -->
